<?xml version="1.0" encoding="UTF-8"?>
<!-- Generated by org.testng.reporters.JUnitReportReporter -->
<testsuite hostname="D217614" name="LeanFtTest" tests="3" failures="0" timestamp="18 Nov 2017 00:51:05 GMT" time="32.121" errors="0">
  <testcase name="parallelDataProviderTest" time="21.406" classname="LeanFtTest"/>
  <testcase name="parallelDataProviderTest" time="4.693" classname="LeanFtTest"/>
  <testcase name="parallelDataProviderTest" time="6.022" classname="LeanFtTest"/>
</testsuite> <!-- LeanFtTest -->
